Using pre-set license
Built from '2021.2/staging' branch; Version is '2021.2.9f1 (921b45a28ab6) revision 9575237'; Using compiler version '192829333'; Build Type 'Release'
OS: 'Windows 11  (10.0.22000) 64bit Core' Language: 'en' Physical Memory: 16236 MB
BatchMode: 1, IsHumanControllingUs: 0, StartBugReporterOnCrash: 0, Is64bit: 1, IsPro: 0

COMMAND LINE ARGUMENTS:
C:\Program Files\Unity\Hub\Editor\2021.2.9f1\Editor\Unity.exe
-adb2
-batchMode
-noUpm
-name
AssetImportWorker11
-projectPath
C:/Users/reors/Github/UnityProjects/GJLGameParade/GJLGameParade/GJLGameParade
-logFile
Logs/AssetImportWorker11.log
-srvPort
55917
Successfully changed project path to: C:/Users/reors/Github/UnityProjects/GJLGameParade/GJLGameParade/GJLGameParade
C:/Users/reors/Github/UnityProjects/GJLGameParade/GJLGameParade/GJLGameParade
[UnityMemory] Configuration Parameters - Can be set up in boot.config
    "memorysetup-bucket-allocator-granularity=16"
    "memorysetup-bucket-allocator-bucket-count=8"
    "memorysetup-bucket-allocator-block-size=33554432"
    "memorysetup-bucket-allocator-block-count=8"
    "memorysetup-main-allocator-block-size=16777216"
    "memorysetup-thread-allocator-block-size=16777216"
    "memorysetup-gfx-main-allocator-block-size=16777216"
    "memorysetup-gfx-thread-allocator-block-size=16777216"
    "memorysetup-cache-allocator-block-size=4194304"
    "memorysetup-typetree-allocator-block-size=2097152"
    "memorysetup-profiler-bucket-allocator-granularity=16"
    "memorysetup-profiler-bucket-allocator-bucket-count=8"
    "memorysetup-profiler-bucket-allocator-block-size=33554432"
    "memorysetup-profiler-bucket-allocator-block-count=8"
    "memorysetup-profiler-allocator-block-size=16777216"
    "memorysetup-profiler-editor-allocator-block-size=1048576"
    "memorysetup-temp-allocator-size-main=16777216"
    "memorysetup-job-temp-allocator-block-size=2097152"
    "memorysetup-job-temp-allocator-block-size-background=1048576"
    "memorysetup-job-temp-allocator-reduction-small-platforms=262144"
    "memorysetup-temp-allocator-size-background-worker=32768"
    "memorysetup-temp-allocator-size-job-worker=262144"
    "memorysetup-temp-allocator-size-preload-manager=33554432"
    "memorysetup-temp-allocator-size-nav-mesh-worker=65536"
    "memorysetup-temp-allocator-size-audio-worker=65536"
    "memorysetup-temp-allocator-size-cloud-worker=32768"
    "memorysetup-temp-allocator-size-gi-baking-worker=262144"
    "memorysetup-temp-allocator-size-gfx=262144"
Refreshing native plugins compatible for Editor in 64.94 ms, found 3 plugins.
Preloading 0 native plugins for Editor in 0.00 ms.
Initialize engine version: 2021.2.9f1 (921b45a28ab6)
[Subsystems] Discovering subsystems at path C:/Program Files/Unity/Hub/Editor/2021.2.9f1/Editor/Data/Resources/UnitySubsystems
[Subsystems] Discovering subsystems at path C:/Users/reors/Github/UnityProjects/GJLGameParade/GJLGameParade/GJLGameParade/Assets
GfxDevice: creating device client; threaded=0; jobified=0
Direct3D:
    Version:  Direct3D 11.0 [level 11.1]
    Renderer: NVIDIA GeForce RTX 3070 Laptop GPU (ID=0x24dd)
    Vendor:   NVIDIA
    VRAM:     8044 MB
    Driver:   30.0.15.1179
Initialize mono
Mono path[0] = 'C:/Program Files/Unity/Hub/Editor/2021.2.9f1/Editor/Data/Managed'
Mono path[1] = 'C:/Program Files/Unity/Hub/Editor/2021.2.9f1/Editor/Data/MonoBleedingEdge/lib/mono/unityjit-win32'
Mono config path = 'C:/Program Files/Unity/Hub/Editor/2021.2.9f1/Editor/Data/MonoBleedingEdge/etc'
Using monoOptions --debugger-agent=transport=dt_socket,embedding=1,server=y,suspend=n,address=127.0.0.1:56964
Begin MonoManager ReloadAssembly
Registering precompiled unity dll's ...
Register platform support module: C:/Program Files/Unity/Hub/Editor/2021.2.9f1/Editor/Data/PlaybackEngines/WebGLSupport/UnityEditor.WebGL.Extensions.dll
Register platform support module: C:/Program Files/Unity/Hub/Editor/2021.2.9f1/Editor/Data/PlaybackEngines/WindowsStandaloneSupport/UnityEditor.WindowsStandalone.Extensions.dll
Registered in 0.007010 seconds.
Native extension for WindowsStandalone target not found
Native extension for WebGL target not found
Refreshing native plugins compatible for Editor in 64.00 ms, found 3 plugins.
Preloading 0 native plugins for Editor in 0.00 ms.
Mono: successfully reloaded assembly
- Completed reload, in  0.667 seconds
Domain Reload Profiling:
	ReloadAssembly (667ms)
		BeginReloadAssembly (62ms)
			ExecutionOrderSort (0ms)
			DisableScriptedObjects (0ms)
			BackupInstance (0ms)
			ReleaseScriptingObjects (0ms)
			CreateAndSetChildDomain (1ms)
		EndReloadAssembly (464ms)
			LoadAssemblies (60ms)
			RebuildTransferFunctionScriptingTraits (0ms)
			SetupTypeCache (166ms)
			ReleaseScriptCaches (0ms)
			RebuildScriptCaches (19ms)
			SetupLoadedEditorAssemblies (236ms)
				LogAssemblyErrors (0ms)
				InitializePlatformSupportModulesInManaged (15ms)
				SetLoadedEditorAssemblies (0ms)
				RefreshPlugins (64ms)
				BeforeProcessingInitializeOnLoad (1ms)
				ProcessInitializeOnLoadAttributes (116ms)
				ProcessInitializeOnLoadMethodAttributes (40ms)
				AfterProcessingInitializeOnLoad (0ms)
				EditorAssembliesLoaded (0ms)
			ExecutionOrderSort2 (0ms)
			AwakeInstancesAfterBackupRestoration (0ms)
Platform modules already initialized, skipping
Registering precompiled user dll's ...
Registered in 0.006853 seconds.
Begin MonoManager ReloadAssembly
Symbol file LoadedFromMemory doesn't match image C:\Users\reors\Github\UnityProjects\GJLGameParade\GJLGameParade\GJLGameParade\Library\PackageCache\com.unity.visualscripting@1.7.6\Editor\VisualScripting.Core\Dependencies\YamlDotNet\Unity.VisualScripting.YamlDotNet.dll
Symbol file LoadedFromMemory doesn't match image C:\Users\reors\Github\UnityProjects\GJLGameParade\GJLGameParade\GJLGameParade\Library\PackageCache\com.unity.visualscripting@1.7.6\Editor\VisualScripting.Core\Dependencies\DotNetZip\Unity.VisualScripting.IonicZip.dll
Native extension for WindowsStandalone target not found
Native extension for WebGL target not found
Refreshing native plugins compatible for Editor in 0.82 ms, found 3 plugins.
Preloading 0 native plugins for Editor in 0.00 ms.
Mono: successfully reloaded assembly
- Completed reload, in  0.794 seconds
Domain Reload Profiling:
	ReloadAssembly (795ms)
		BeginReloadAssembly (90ms)
			ExecutionOrderSort (0ms)
			DisableScriptedObjects (4ms)
			BackupInstance (0ms)
			ReleaseScriptingObjects (0ms)
			CreateAndSetChildDomain (17ms)
		EndReloadAssembly (628ms)
			LoadAssemblies (63ms)
			RebuildTransferFunctionScriptingTraits (0ms)
			SetupTypeCache (159ms)
			ReleaseScriptCaches (1ms)
			RebuildScriptCaches (34ms)
			SetupLoadedEditorAssemblies (343ms)
				LogAssemblyErrors (0ms)
				InitializePlatformSupportModulesInManaged (11ms)
				SetLoadedEditorAssemblies (0ms)
				RefreshPlugins (1ms)
				BeforeProcessingInitializeOnLoad (63ms)
				ProcessInitializeOnLoadAttributes (241ms)
				ProcessInitializeOnLoadMethodAttributes (18ms)
				AfterProcessingInitializeOnLoad (8ms)
				EditorAssembliesLoaded (0ms)
			ExecutionOrderSort2 (0ms)
			AwakeInstancesAfterBackupRestoration (5ms)
Platform modules already initialized, skipping
========================================================================
Worker process is ready to serve import requests
Launched and connected shader compiler UnityShaderCompiler.exe after 0.08 seconds
Refreshing native plugins compatible for Editor in 0.60 ms, found 3 plugins.
Preloading 0 native plugins for Editor in 0.00 ms.
Unloading 3122 Unused Serialized files (Serialized files now loaded: 0)
Unloading 23 unused Assets / (58.3 KB). Loaded Objects now: 3585.
Memory consumption went from 111.9 MB to 111.8 MB.
Total: 2.648500 ms (FindLiveObjects: 0.205400 ms CreateObjectMapping: 0.088400 ms MarkObjects: 2.271100 ms  DeleteObjects: 0.082600 ms)

AssetImportParameters requested are different than current active one (requested -> active):
  custom:video-decoder-ogg-theora: a1e56fd34408186e4bbccfd4996cb3dc -> 
  custom:container-muxer-webm: aa71ff27fc2769a1b78a27578f13a17b -> 
  custom:container-demuxer-webm: 4f35f7cbe854078d1ac9338744f61a02 -> 
  custom:video-encoder-webm-vp8: eb34c28f22e8b96e1ab97ce403110664 -> 
  custom:video-codec-MediaFoundation-h265: 746d11721c4dcdbdad8f713fa42b33f4 -> 
  custom:audio-encoder-webm-vorbis: bf7c407c2cedff20999df2af8eb42d56 -> 
  custom:framework-win-MediaFoundation: 216162199b28c13a410421893ffa2e32 -> 
  custom:container-demuxer-ogg: 62fdf1f143b41e24485cea50d1cbac27 -> 
  custom:video-decoder-webm-vp8: 9c59270c3fd7afecdb556c50c9e8de78 -> 
  custom:audio-decoder-ogg-vorbis: bf7c407c2cedff20999df2af8eb42d56 -> 
========================================================================
Received Import Request.
  Time since last request: 40013.934854 seconds.
  path: Assets/Prefabs/Card.prefab
  artifactKey: Guid(afbd5d74d89e18547b9f53aeb7e43c23) Importer(815301076,1909f56bfc062723c751e8b465ee728b)
Start importing Assets/Prefabs/Card.prefab using Guid(afbd5d74d89e18547b9f53aeb7e43c23) Importer(815301076,1909f56bfc062723c751e8b465ee728b)  -> (artifact id: 'e097b66be37b4e969b80288376f1b2af') in 0.117189 seconds 
========================================================================
Received Prepare
Registering precompiled user dll's ...
Registered in 0.006661 seconds.
Begin MonoManager ReloadAssembly
Symbol file LoadedFromMemory doesn't match image C:\Users\reors\Github\UnityProjects\GJLGameParade\GJLGameParade\GJLGameParade\Library\PackageCache\com.unity.visualscripting@1.7.6\Editor\VisualScripting.Core\Dependencies\YamlDotNet\Unity.VisualScripting.YamlDotNet.dll
Symbol file LoadedFromMemory doesn't match image C:\Users\reors\Github\UnityProjects\GJLGameParade\GJLGameParade\GJLGameParade\Library\PackageCache\com.unity.visualscripting@1.7.6\Editor\VisualScripting.Core\Dependencies\DotNetZip\Unity.VisualScripting.IonicZip.dll
Native extension for WindowsStandalone target not found
Native extension for WebGL target not found
Refreshing native plugins compatible for Editor in 1.08 ms, found 3 plugins.
Preloading 0 native plugins for Editor in 0.00 ms.
Mono: successfully reloaded assembly
- Completed reload, in  0.858 seconds
Domain Reload Profiling:
	ReloadAssembly (859ms)
		BeginReloadAssembly (140ms)
			ExecutionOrderSort (0ms)
			DisableScriptedObjects (4ms)
			BackupInstance (0ms)
			ReleaseScriptingObjects (0ms)
			CreateAndSetChildDomain (37ms)
		EndReloadAssembly (623ms)
			LoadAssemblies (75ms)
			RebuildTransferFunctionScriptingTraits (0ms)
			SetupTypeCache (186ms)
			ReleaseScriptCaches (1ms)
			RebuildScriptCaches (31ms)
			SetupLoadedEditorAssemblies (304ms)
				LogAssemblyErrors (0ms)
				InitializePlatformSupportModulesInManaged (17ms)
				SetLoadedEditorAssemblies (1ms)
				RefreshPlugins (1ms)
				BeforeProcessingInitializeOnLoad (65ms)
				ProcessInitializeOnLoadAttributes (190ms)
				ProcessInitializeOnLoadMethodAttributes (20ms)
				AfterProcessingInitializeOnLoad (10ms)
				EditorAssembliesLoaded (0ms)
			ExecutionOrderSort2 (0ms)
			AwakeInstancesAfterBackupRestoration (7ms)
Platform modules already initialized, skipping
Refreshing native plugins compatible for Editor in 0.93 ms, found 3 plugins.
Preloading 0 native plugins for Editor in 0.00 ms.
Unloading 3102 Unused Serialized files (Serialized files now loaded: 0)
Unloading 19 unused Assets / (24.7 KB). Loaded Objects now: 3594.
Memory consumption went from 114.8 MB to 114.8 MB.
Total: 2.655100 ms (FindLiveObjects: 0.298400 ms CreateObjectMapping: 0.098900 ms MarkObjects: 2.219900 ms  DeleteObjects: 0.036900 ms)

AssetImportParameters requested are different than current active one (requested -> active):
  custom:video-decoder-ogg-theora: a1e56fd34408186e4bbccfd4996cb3dc -> 
  custom:container-muxer-webm: aa71ff27fc2769a1b78a27578f13a17b -> 
  custom:container-demuxer-webm: 4f35f7cbe854078d1ac9338744f61a02 -> 
  custom:video-encoder-webm-vp8: eb34c28f22e8b96e1ab97ce403110664 -> 
  custom:video-codec-MediaFoundation-h265: 746d11721c4dcdbdad8f713fa42b33f4 -> 
  custom:audio-encoder-webm-vorbis: bf7c407c2cedff20999df2af8eb42d56 -> 
  custom:framework-win-MediaFoundation: 216162199b28c13a410421893ffa2e32 -> 
  custom:container-demuxer-ogg: 62fdf1f143b41e24485cea50d1cbac27 -> 
  custom:video-decoder-webm-vp8: 9c59270c3fd7afecdb556c50c9e8de78 -> 
  custom:audio-decoder-ogg-vorbis: bf7c407c2cedff20999df2af8eb42d56 -> 
========================================================================
Received Import Request.
  Time since last request: 25.674890 seconds.
  path: Assets/Prefabs/BaseEvents/EC_Scavenging.prefab
  artifactKey: Guid(3a7536535fa48dc479068371dcd3edd6) Importer(815301076,1909f56bfc062723c751e8b465ee728b)
Start importing Assets/Prefabs/BaseEvents/EC_Scavenging.prefab using Guid(3a7536535fa48dc479068371dcd3edd6) Importer(815301076,1909f56bfc062723c751e8b465ee728b)  -> (artifact id: 'd968da2ce74e6dd2d8c2a73c8593f418') in 0.068213 seconds 
========================================================================
Received Import Request.
  Time since last request: 3.514749 seconds.
  path: Assets/Prefabs/BaseEvents/EC_Maze.prefab
  artifactKey: Guid(58c503b96e6e33745928281973118a61) Importer(815301076,1909f56bfc062723c751e8b465ee728b)
Start importing Assets/Prefabs/BaseEvents/EC_Maze.prefab using Guid(58c503b96e6e33745928281973118a61) Importer(815301076,1909f56bfc062723c751e8b465ee728b)  -> (artifact id: 'd597f41b3496d08497c31fbd16aeae11') in 0.015191 seconds 
========================================================================
Received Import Request.
  Time since last request: 3.222450 seconds.
  path: Assets/Prefabs/BaseEvents/EC_Identify.prefab
  artifactKey: Guid(cfded2c321fec4b4ca9927c1ac6b437e) Importer(815301076,1909f56bfc062723c751e8b465ee728b)
Start importing Assets/Prefabs/BaseEvents/EC_Identify.prefab using Guid(cfded2c321fec4b4ca9927c1ac6b437e) Importer(815301076,1909f56bfc062723c751e8b465ee728b)  -> (artifact id: '7a7cfe741344687b83fcebbe58279752') in 0.011859 seconds 
========================================================================
Received Import Request.
  Time since last request: 2.389245 seconds.
  path: Assets/Prefabs/BaseEvents/EC_Forest.prefab
  artifactKey: Guid(7602798cf036cab44bc10287581dafb4) Importer(815301076,1909f56bfc062723c751e8b465ee728b)
Start importing Assets/Prefabs/BaseEvents/EC_Forest.prefab using Guid(7602798cf036cab44bc10287581dafb4) Importer(815301076,1909f56bfc062723c751e8b465ee728b)  -> (artifact id: '548a4b3a1eef99391c07d930194a5350') in 0.013276 seconds 
========================================================================
Received Import Request.
  Time since last request: 2.993851 seconds.
  path: Assets/Prefabs/BaseEvents/EC_Fight.prefab
  artifactKey: Guid(d5275555eae13b34891fe60036b2cbe0) Importer(815301076,1909f56bfc062723c751e8b465ee728b)
Start importing Assets/Prefabs/BaseEvents/EC_Fight.prefab using Guid(d5275555eae13b34891fe60036b2cbe0) Importer(815301076,1909f56bfc062723c751e8b465ee728b)  -> (artifact id: '35bb1ddc8fc00a973fff33eab15aa1ff') in 0.010680 seconds 
========================================================================
Received Import Request.
  Time since last request: 7.235093 seconds.
  path: Assets/Prefabs/BaseEvents/EC_Base 5.prefab
  artifactKey: Guid(c06bcd4b473d93746a53588a345d9a5e) Importer(815301076,1909f56bfc062723c751e8b465ee728b)
Start importing Assets/Prefabs/BaseEvents/EC_Base 5.prefab using Guid(c06bcd4b473d93746a53588a345d9a5e) Importer(815301076,1909f56bfc062723c751e8b465ee728b)  -> (artifact id: '3b19a40ee0c07a197833420b684a2ac9') in 0.015245 seconds 
========================================================================
Received Prepare
Registering precompiled user dll's ...
Registered in 0.006382 seconds.
Begin MonoManager ReloadAssembly
Symbol file LoadedFromMemory doesn't match image C:\Users\reors\Github\UnityProjects\GJLGameParade\GJLGameParade\GJLGameParade\Library\PackageCache\com.unity.visualscripting@1.7.6\Editor\VisualScripting.Core\Dependencies\YamlDotNet\Unity.VisualScripting.YamlDotNet.dll
Symbol file LoadedFromMemory doesn't match image C:\Users\reors\Github\UnityProjects\GJLGameParade\GJLGameParade\GJLGameParade\Library\PackageCache\com.unity.visualscripting@1.7.6\Editor\VisualScripting.Core\Dependencies\DotNetZip\Unity.VisualScripting.IonicZip.dll
Native extension for WindowsStandalone target not found
Native extension for WebGL target not found
Refreshing native plugins compatible for Editor in 0.89 ms, found 3 plugins.
Preloading 0 native plugins for Editor in 0.00 ms.
Mono: successfully reloaded assembly
- Completed reload, in  0.782 seconds
Domain Reload Profiling:
	ReloadAssembly (783ms)
		BeginReloadAssembly (114ms)
			ExecutionOrderSort (0ms)
			DisableScriptedObjects (4ms)
			BackupInstance (0ms)
			ReleaseScriptingObjects (0ms)
			CreateAndSetChildDomain (31ms)
		EndReloadAssembly (588ms)
			LoadAssemblies (70ms)
			RebuildTransferFunctionScriptingTraits (0ms)
			SetupTypeCache (170ms)
			ReleaseScriptCaches (1ms)
			RebuildScriptCaches (29ms)
			SetupLoadedEditorAssemblies (284ms)
				LogAssemblyErrors (0ms)
				InitializePlatformSupportModulesInManaged (17ms)
				SetLoadedEditorAssemblies (0ms)
				RefreshPlugins (1ms)
				BeforeProcessingInitializeOnLoad (57ms)
				ProcessInitializeOnLoadAttributes (177ms)
				ProcessInitializeOnLoadMethodAttributes (21ms)
				AfterProcessingInitializeOnLoad (9ms)
				EditorAssembliesLoaded (0ms)
			ExecutionOrderSort2 (0ms)
			AwakeInstancesAfterBackupRestoration (6ms)
Platform modules already initialized, skipping
Refreshing native plugins compatible for Editor in 0.74 ms, found 3 plugins.
Preloading 0 native plugins for Editor in 0.00 ms.
Unloading 3102 Unused Serialized files (Serialized files now loaded: 0)
Unloading 19 unused Assets / (24.8 KB). Loaded Objects now: 3596.
Memory consumption went from 114.8 MB to 114.8 MB.
Total: 3.105800 ms (FindLiveObjects: 0.259100 ms CreateObjectMapping: 0.091600 ms MarkObjects: 2.700700 ms  DeleteObjects: 0.052900 ms)

AssetImportParameters requested are different than current active one (requested -> active):
  custom:video-decoder-ogg-theora: a1e56fd34408186e4bbccfd4996cb3dc -> 
  custom:container-muxer-webm: aa71ff27fc2769a1b78a27578f13a17b -> 
  custom:container-demuxer-webm: 4f35f7cbe854078d1ac9338744f61a02 -> 
  custom:video-encoder-webm-vp8: eb34c28f22e8b96e1ab97ce403110664 -> 
  custom:video-codec-MediaFoundation-h265: 746d11721c4dcdbdad8f713fa42b33f4 -> 
  custom:audio-encoder-webm-vorbis: bf7c407c2cedff20999df2af8eb42d56 -> 
  custom:framework-win-MediaFoundation: 216162199b28c13a410421893ffa2e32 -> 
  custom:container-demuxer-ogg: 62fdf1f143b41e24485cea50d1cbac27 -> 
  custom:video-decoder-webm-vp8: 9c59270c3fd7afecdb556c50c9e8de78 -> 
  custom:audio-decoder-ogg-vorbis: bf7c407c2cedff20999df2af8eb42d56 -> 
========================================================================
Received Import Request.
  Time since last request: 13.946715 seconds.
  path: Assets/Prefabs/Card.prefab
  artifactKey: Guid(afbd5d74d89e18547b9f53aeb7e43c23) Importer(815301076,1909f56bfc062723c751e8b465ee728b)
Start importing Assets/Prefabs/Card.prefab using Guid(afbd5d74d89e18547b9f53aeb7e43c23) Importer(815301076,1909f56bfc062723c751e8b465ee728b)  -> (artifact id: 'ea6998343ef8e6021fd819c182a1f257') in 0.067611 seconds 
========================================================================
Received Import Request.
  Time since last request: 0.000021 seconds.
  path: Assets/Prefabs/Deck.prefab
  artifactKey: Guid(2d91d8c00e45a444bb3021e087056b12) Importer(815301076,1909f56bfc062723c751e8b465ee728b)
Start importing Assets/Prefabs/Deck.prefab using Guid(2d91d8c00e45a444bb3021e087056b12) Importer(815301076,1909f56bfc062723c751e8b465ee728b)  -> (artifact id: '83bac7138a57044ff9ced36da7a20a89') in 0.033025 seconds 
========================================================================
Received Import Request.
  Time since last request: 1.995521 seconds.
  path: Assets/Prefabs/CharacterEvents/EC_Asif.prefab
  artifactKey: Guid(60335069cdb385941b0e50492de9d60e) Importer(815301076,1909f56bfc062723c751e8b465ee728b)
Start importing Assets/Prefabs/CharacterEvents/EC_Asif.prefab using Guid(60335069cdb385941b0e50492de9d60e) Importer(815301076,1909f56bfc062723c751e8b465ee728b)  -> (artifact id: 'c424716bcba26d077ea27e6e40faa2af') in 0.021707 seconds 
========================================================================
Received Import Request.
  Time since last request: 0.000034 seconds.
  path: Assets/Prefabs/CharacterEvents/EC_Kira.prefab
  artifactKey: Guid(a9b9035fb1bb7864a883ba41f9ad28ec) Importer(815301076,1909f56bfc062723c751e8b465ee728b)
Start importing Assets/Prefabs/CharacterEvents/EC_Kira.prefab using Guid(a9b9035fb1bb7864a883ba41f9ad28ec) Importer(815301076,1909f56bfc062723c751e8b465ee728b)  -> (artifact id: 'f49b85e24a1688d8ff062ad405a05b69') in 0.021794 seconds 
========================================================================
Received Import Request.
  Time since last request: 0.000028 seconds.
  path: Assets/Prefabs/CharacterEvents/EC_Jesse.prefab
  artifactKey: Guid(772f08a3268079242ab70de3d94b417f) Importer(815301076,1909f56bfc062723c751e8b465ee728b)
Start importing Assets/Prefabs/CharacterEvents/EC_Jesse.prefab using Guid(772f08a3268079242ab70de3d94b417f) Importer(815301076,1909f56bfc062723c751e8b465ee728b)  -> (artifact id: 'a9c650b1d51278e26e08cf2fb8dd470d') in 0.026986 seconds 
========================================================================
Received Import Request.
  Time since last request: 15.648539 seconds.
  path: Assets/Material/CardFront.mat
  artifactKey: Guid(f1b3110df3f9db943ba0e77087262a47) Importer(815301076,1909f56bfc062723c751e8b465ee728b)
Start importing Assets/Material/CardFront.mat using Guid(f1b3110df3f9db943ba0e77087262a47) Importer(815301076,1909f56bfc062723c751e8b465ee728b)  -> (artifact id: '0ee374ed1afacfa64473c446b520c93c') in 0.036215 seconds 
========================================================================
Received Import Request.
  Time since last request: 14.992222 seconds.
  path: Assets/Material/Ddeath.mat
  artifactKey: Guid(c2c11116a27684d4b90ee25c28c78538) Importer(815301076,1909f56bfc062723c751e8b465ee728b)
Start importing Assets/Material/Ddeath.mat using Guid(c2c11116a27684d4b90ee25c28c78538) Importer(815301076,1909f56bfc062723c751e8b465ee728b)  -> (artifact id: '0b344b8f2342dce4a0e424410ea92701') in 0.012311 seconds 
========================================================================
Received Import Request.
  Time since last request: 20.981814 seconds.
  path: Assets/Material/Schyte.mat
  artifactKey: Guid(507b26858757112498f4e64baea8b95a) Importer(815301076,1909f56bfc062723c751e8b465ee728b)
Start importing Assets/Material/Schyte.mat using Guid(507b26858757112498f4e64baea8b95a) Importer(815301076,1909f56bfc062723c751e8b465ee728b)  -> (artifact id: '00f0c7f07e80a6fb36721b582e45777d') in 0.012044 seconds 
