Using pre-set license
Built from '2021.2/staging' branch; Version is '2021.2.9f1 (921b45a28ab6) revision 9575237'; Using compiler version '192829333'; Build Type 'Release'
OS: 'Windows 11  (10.0.22000) 64bit Core' Language: 'en' Physical Memory: 16236 MB
BatchMode: 1, IsHumanControllingUs: 0, StartBugReporterOnCrash: 0, Is64bit: 1, IsPro: 0

COMMAND LINE ARGUMENTS:
C:\Program Files\Unity\Hub\Editor\2021.2.9f1\Editor\Unity.exe
-adb2
-batchMode
-noUpm
-name
AssetImportWorker0
-projectPath
C:/Users/reors/Github/UnityProjects/GJLGameParade/GJLGameParade/GJLGameParade
-logFile
Logs/AssetImportWorker0.log
-srvPort
65453
Successfully changed project path to: C:/Users/reors/Github/UnityProjects/GJLGameParade/GJLGameParade/GJLGameParade
C:/Users/reors/Github/UnityProjects/GJLGameParade/GJLGameParade/GJLGameParade
[UnityMemory] Configuration Parameters - Can be set up in boot.config
    "memorysetup-bucket-allocator-granularity=16"
    "memorysetup-bucket-allocator-bucket-count=8"
    "memorysetup-bucket-allocator-block-size=33554432"
    "memorysetup-bucket-allocator-block-count=8"
    "memorysetup-main-allocator-block-size=16777216"
    "memorysetup-thread-allocator-block-size=16777216"
    "memorysetup-gfx-main-allocator-block-size=16777216"
    "memorysetup-gfx-thread-allocator-block-size=16777216"
    "memorysetup-cache-allocator-block-size=4194304"
    "memorysetup-typetree-allocator-block-size=2097152"
    "memorysetup-profiler-bucket-allocator-granularity=16"
    "memorysetup-profiler-bucket-allocator-bucket-count=8"
    "memorysetup-profiler-bucket-allocator-block-size=33554432"
    "memorysetup-profiler-bucket-allocator-block-count=8"
    "memorysetup-profiler-allocator-block-size=16777216"
    "memorysetup-profiler-editor-allocator-block-size=1048576"
    "memorysetup-temp-allocator-size-main=16777216"
    "memorysetup-job-temp-allocator-block-size=2097152"
    "memorysetup-job-temp-allocator-block-size-background=1048576"
    "memorysetup-job-temp-allocator-reduction-small-platforms=262144"
    "memorysetup-temp-allocator-size-background-worker=32768"
    "memorysetup-temp-allocator-size-job-worker=262144"
    "memorysetup-temp-allocator-size-preload-manager=33554432"
    "memorysetup-temp-allocator-size-nav-mesh-worker=65536"
    "memorysetup-temp-allocator-size-audio-worker=65536"
    "memorysetup-temp-allocator-size-cloud-worker=32768"
    "memorysetup-temp-allocator-size-gi-baking-worker=262144"
    "memorysetup-temp-allocator-size-gfx=262144"
Refreshing native plugins compatible for Editor in 67.45 ms, found 3 plugins.
Preloading 0 native plugins for Editor in 0.00 ms.
Initialize engine version: 2021.2.9f1 (921b45a28ab6)
[Subsystems] Discovering subsystems at path C:/Program Files/Unity/Hub/Editor/2021.2.9f1/Editor/Data/Resources/UnitySubsystems
[Subsystems] Discovering subsystems at path C:/Users/reors/Github/UnityProjects/GJLGameParade/GJLGameParade/GJLGameParade/Assets
GfxDevice: creating device client; threaded=0; jobified=0
Direct3D:
    Version:  Direct3D 11.0 [level 11.1]
    Renderer: NVIDIA GeForce RTX 3070 Laptop GPU (ID=0x24dd)
    Vendor:   NVIDIA
    VRAM:     8044 MB
    Driver:   30.0.14.7256
Initialize mono
Mono path[0] = 'C:/Program Files/Unity/Hub/Editor/2021.2.9f1/Editor/Data/Managed'
Mono path[1] = 'C:/Program Files/Unity/Hub/Editor/2021.2.9f1/Editor/Data/MonoBleedingEdge/lib/mono/unityjit-win32'
Mono config path = 'C:/Program Files/Unity/Hub/Editor/2021.2.9f1/Editor/Data/MonoBleedingEdge/etc'
Using monoOptions --debugger-agent=transport=dt_socket,embedding=1,server=y,suspend=n,address=127.0.0.1:56832
Begin MonoManager ReloadAssembly
Registering precompiled unity dll's ...
Register platform support module: C:/Program Files/Unity/Hub/Editor/2021.2.9f1/Editor/Data/PlaybackEngines/WebGLSupport/UnityEditor.WebGL.Extensions.dll
Register platform support module: C:/Program Files/Unity/Hub/Editor/2021.2.9f1/Editor/Data/PlaybackEngines/WindowsStandaloneSupport/UnityEditor.WindowsStandalone.Extensions.dll
Registered in 0.007935 seconds.
Native extension for WindowsStandalone target not found
Native extension for WebGL target not found
Refreshing native plugins compatible for Editor in 61.98 ms, found 3 plugins.
Preloading 0 native plugins for Editor in 0.00 ms.
Mono: successfully reloaded assembly
- Completed reload, in  0.502 seconds
Domain Reload Profiling:
	ReloadAssembly (502ms)
		BeginReloadAssembly (64ms)
			ExecutionOrderSort (0ms)
			DisableScriptedObjects (0ms)
			BackupInstance (0ms)
			ReleaseScriptingObjects (0ms)
			CreateAndSetChildDomain (1ms)
		EndReloadAssembly (371ms)
			LoadAssemblies (61ms)
			RebuildTransferFunctionScriptingTraits (0ms)
			SetupTypeCache (82ms)
			ReleaseScriptCaches (0ms)
			RebuildScriptCaches (19ms)
			SetupLoadedEditorAssemblies (226ms)
				LogAssemblyErrors (0ms)
				InitializePlatformSupportModulesInManaged (15ms)
				SetLoadedEditorAssemblies (0ms)
				RefreshPlugins (62ms)
				BeforeProcessingInitializeOnLoad (1ms)
				ProcessInitializeOnLoadAttributes (113ms)
				ProcessInitializeOnLoadMethodAttributes (35ms)
				AfterProcessingInitializeOnLoad (0ms)
				EditorAssembliesLoaded (0ms)
			ExecutionOrderSort2 (0ms)
			AwakeInstancesAfterBackupRestoration (0ms)
Platform modules already initialized, skipping
Registering precompiled user dll's ...
Registered in 0.008184 seconds.
Begin MonoManager ReloadAssembly
Symbol file LoadedFromMemory doesn't match image C:\Users\reors\Github\UnityProjects\GJLGameParade\GJLGameParade\GJLGameParade\Library\PackageCache\com.unity.visualscripting@1.7.6\Editor\VisualScripting.Core\Dependencies\YamlDotNet\Unity.VisualScripting.YamlDotNet.dll
Symbol file LoadedFromMemory doesn't match image C:\Users\reors\Github\UnityProjects\GJLGameParade\GJLGameParade\GJLGameParade\Library\PackageCache\com.unity.visualscripting@1.7.6\Editor\VisualScripting.Core\Dependencies\DotNetZip\Unity.VisualScripting.IonicZip.dll
Native extension for WindowsStandalone target not found
Native extension for WebGL target not found
Refreshing native plugins compatible for Editor in 0.60 ms, found 3 plugins.
Preloading 0 native plugins for Editor in 0.00 ms.
Mono: successfully reloaded assembly
- Completed reload, in  0.754 seconds
Domain Reload Profiling:
	ReloadAssembly (755ms)
		BeginReloadAssembly (97ms)
			ExecutionOrderSort (0ms)
			DisableScriptedObjects (5ms)
			BackupInstance (0ms)
			ReleaseScriptingObjects (0ms)
			CreateAndSetChildDomain (18ms)
		EndReloadAssembly (578ms)
			LoadAssemblies (69ms)
			RebuildTransferFunctionScriptingTraits (0ms)
			SetupTypeCache (166ms)
			ReleaseScriptCaches (1ms)
			RebuildScriptCaches (34ms)
			SetupLoadedEditorAssemblies (282ms)
				LogAssemblyErrors (0ms)
				InitializePlatformSupportModulesInManaged (12ms)
				SetLoadedEditorAssemblies (0ms)
				RefreshPlugins (1ms)
				BeforeProcessingInitializeOnLoad (65ms)
				ProcessInitializeOnLoadAttributes (177ms)
				ProcessInitializeOnLoadMethodAttributes (18ms)
				AfterProcessingInitializeOnLoad (9ms)
				EditorAssembliesLoaded (0ms)
			ExecutionOrderSort2 (0ms)
			AwakeInstancesAfterBackupRestoration (5ms)
Platform modules already initialized, skipping
========================================================================
Worker process is ready to serve import requests
Launched and connected shader compiler UnityShaderCompiler.exe after 0.05 seconds
Refreshing native plugins compatible for Editor in 0.80 ms, found 3 plugins.
Preloading 0 native plugins for Editor in 0.00 ms.
Unloading 3099 Unused Serialized files (Serialized files now loaded: 0)
Unloading 23 unused Assets / (57.9 KB). Loaded Objects now: 3558.
Memory consumption went from 108.9 MB to 108.8 MB.
Total: 2.703600 ms (FindLiveObjects: 0.309400 ms CreateObjectMapping: 0.092900 ms MarkObjects: 2.249800 ms  DeleteObjects: 0.050600 ms)

AssetImportParameters requested are different than current active one (requested -> active):
  custom:video-decoder-ogg-theora: a1e56fd34408186e4bbccfd4996cb3dc -> 
  custom:container-muxer-webm: aa71ff27fc2769a1b78a27578f13a17b -> 
  custom:container-demuxer-webm: 4f35f7cbe854078d1ac9338744f61a02 -> 
  custom:video-encoder-webm-vp8: eb34c28f22e8b96e1ab97ce403110664 -> 
  custom:video-codec-MediaFoundation-h265: 746d11721c4dcdbdad8f713fa42b33f4 -> 
  custom:audio-encoder-webm-vorbis: bf7c407c2cedff20999df2af8eb42d56 -> 
  custom:framework-win-MediaFoundation: 216162199b28c13a410421893ffa2e32 -> 
  custom:container-demuxer-ogg: 62fdf1f143b41e24485cea50d1cbac27 -> 
  custom:video-decoder-webm-vp8: 9c59270c3fd7afecdb556c50c9e8de78 -> 
  custom:audio-decoder-ogg-vorbis: bf7c407c2cedff20999df2af8eb42d56 -> 
========================================================================
Received Import Request.
  Time since last request: 100610.607188 seconds.
  path: Assets/Material
  artifactKey: Guid(3f0117d70bf17504b8e3f3b0c3d75b48) Importer(815301076,1909f56bfc062723c751e8b465ee728b)
Start importing Assets/Material using Guid(3f0117d70bf17504b8e3f3b0c3d75b48) Importer(815301076,1909f56bfc062723c751e8b465ee728b)  -> (artifact id: 'f7ebe8a91599b56f0844c0c1961ec591') in 0.013054 seconds 
========================================================================
Received Import Request.
  Time since last request: 8.170769 seconds.
  path: Assets/Material/Table.mat
  artifactKey: Guid(7781a9b3f16655640bb558ac988c640a) Importer(815301076,1909f56bfc062723c751e8b465ee728b)
Start importing Assets/Material/Table.mat using Guid(7781a9b3f16655640bb558ac988c640a) Importer(815301076,1909f56bfc062723c751e8b465ee728b)  -> (artifact id: '0c2a708d520a94cb6493daa75bf7ed39') in 0.174649 seconds 
========================================================================
Received Import Request.
  Time since last request: 216.359929 seconds.
  path: Assets/Material/Table.mat
  artifactKey: Guid(7781a9b3f16655640bb558ac988c640a) Importer(815301076,1909f56bfc062723c751e8b465ee728b)
Start importing Assets/Material/Table.mat using Guid(7781a9b3f16655640bb558ac988c640a) Importer(815301076,1909f56bfc062723c751e8b465ee728b)  -> (artifact id: '6dd7ce8ea1c9e29fe14882ff4cba2b09') in 0.013822 seconds 
========================================================================
Received Import Request.
  Time since last request: 1480.234910 seconds.
  path: Assets/Material/Table 1.mat
  artifactKey: Guid(c2c11116a27684d4b90ee25c28c78538) Importer(815301076,1909f56bfc062723c751e8b465ee728b)
Start importing Assets/Material/Table 1.mat using Guid(c2c11116a27684d4b90ee25c28c78538) Importer(815301076,1909f56bfc062723c751e8b465ee728b)  -> (artifact id: '28542ec88236124c9c83da59a9d43887') in 0.016282 seconds 
========================================================================
Received Import Request.
  Time since last request: 5.575632 seconds.
  path: Assets/Material/Ddeath.mat
  artifactKey: Guid(c2c11116a27684d4b90ee25c28c78538) Importer(815301076,1909f56bfc062723c751e8b465ee728b)
Start importing Assets/Material/Ddeath.mat using Guid(c2c11116a27684d4b90ee25c28c78538) Importer(815301076,1909f56bfc062723c751e8b465ee728b)  -> (artifact id: 'ae0e87d2a03ae8aa7e76cace32eb277b') in 0.022789 seconds 
========================================================================
Received Import Request.
  Time since last request: 361.029370 seconds.
  path: Assets/Material/Ddeath.mat
  artifactKey: Guid(c2c11116a27684d4b90ee25c28c78538) Importer(815301076,1909f56bfc062723c751e8b465ee728b)
Start importing Assets/Material/Ddeath.mat using Guid(c2c11116a27684d4b90ee25c28c78538) Importer(815301076,1909f56bfc062723c751e8b465ee728b)  -> (artifact id: 'f1e59c041dee26ae9cc2ae50df48f5fb') in 0.015564 seconds 
========================================================================
Received Import Request.
  Time since last request: 5.247408 seconds.
  path: Assets/Material/Schyte.mat
  artifactKey: Guid(507b26858757112498f4e64baea8b95a) Importer(815301076,1909f56bfc062723c751e8b465ee728b)
Start importing Assets/Material/Schyte.mat using Guid(507b26858757112498f4e64baea8b95a) Importer(815301076,1909f56bfc062723c751e8b465ee728b)  -> (artifact id: '191c4785d518be534c1732f5fda96755') in 0.019001 seconds 
========================================================================
Received Import Request.
  Time since last request: 129.968230 seconds.
  path: Assets/Material/Card.mat
  artifactKey: Guid(8cedbb38dfb9fe3438e0e043feab32cd) Importer(815301076,1909f56bfc062723c751e8b465ee728b)
Start importing Assets/Material/Card.mat using Guid(8cedbb38dfb9fe3438e0e043feab32cd) Importer(815301076,1909f56bfc062723c751e8b465ee728b)  -> (artifact id: 'cd0b33528e11e68f24e00694c6a76d6d') in 0.014174 seconds 
========================================================================
Received Import Request.
  Time since last request: 35.823405 seconds.
  path: Assets/Prefabs
  artifactKey: Guid(fe43b0172992f1345a76d35b4eadab8d) Importer(815301076,1909f56bfc062723c751e8b465ee728b)
Start importing Assets/Prefabs using Guid(fe43b0172992f1345a76d35b4eadab8d) Importer(815301076,1909f56bfc062723c751e8b465ee728b)  -> (artifact id: '0054895559eddf3e8bb3a275e9c50ea1') in 0.008469 seconds 
========================================================================
Received Import Request.
  Time since last request: 9.117339 seconds.
  path: Assets/Prefabs/Card.prefab
  artifactKey: Guid(afbd5d74d89e18547b9f53aeb7e43c23) Importer(815301076,1909f56bfc062723c751e8b465ee728b)
Start importing Assets/Prefabs/Card.prefab using Guid(afbd5d74d89e18547b9f53aeb7e43c23) Importer(815301076,1909f56bfc062723c751e8b465ee728b)  -> (artifact id: 'f4652b664c974e2964e39c3a424f7bc7') in 0.027307 seconds 
========================================================================
Received Import Request.
  Time since last request: 4.803580 seconds.
  path: Assets/Prefabs/Card.prefab
  artifactKey: Guid(afbd5d74d89e18547b9f53aeb7e43c23) Importer(815301076,1909f56bfc062723c751e8b465ee728b)
Start importing Assets/Prefabs/Card.prefab using Guid(afbd5d74d89e18547b9f53aeb7e43c23) Importer(815301076,1909f56bfc062723c751e8b465ee728b)  -> (artifact id: 'db355ffa61d0f926c5ae754658cd4ff1') in 0.044114 seconds 
========================================================================
Received Import Request.
  Time since last request: 2.577510 seconds.
  path: Assets/Prefabs/Card.prefab
  artifactKey: Guid(afbd5d74d89e18547b9f53aeb7e43c23) Importer(815301076,1909f56bfc062723c751e8b465ee728b)
Start importing Assets/Prefabs/Card.prefab using Guid(afbd5d74d89e18547b9f53aeb7e43c23) Importer(815301076,1909f56bfc062723c751e8b465ee728b)  -> (artifact id: '7969bcf89dafd37ffb0dbd7d3396665f') in 0.026572 seconds 
========================================================================
Received Import Request.
  Time since last request: 29.197222 seconds.
  path: Assets/Prefabs/Card.prefab
  artifactKey: Guid(afbd5d74d89e18547b9f53aeb7e43c23) Importer(815301076,1909f56bfc062723c751e8b465ee728b)
Start importing Assets/Prefabs/Card.prefab using Guid(afbd5d74d89e18547b9f53aeb7e43c23) Importer(815301076,1909f56bfc062723c751e8b465ee728b)  -> (artifact id: 'e049390ea07306c58ea2ccb2424b5386') in 0.009659 seconds 
========================================================================
Received Import Request.
  Time since last request: 12.422253 seconds.
  path: Assets/Prefabs/Card.prefab
  artifactKey: Guid(afbd5d74d89e18547b9f53aeb7e43c23) Importer(815301076,1909f56bfc062723c751e8b465ee728b)
Start importing Assets/Prefabs/Card.prefab using Guid(afbd5d74d89e18547b9f53aeb7e43c23) Importer(815301076,1909f56bfc062723c751e8b465ee728b)  -> (artifact id: '9aa7beace2c8072da6ffde48aa1bf80f') in 0.011382 seconds 
========================================================================
Received Import Request.
  Time since last request: 8.496164 seconds.
  path: Assets/Prefabs/Card.prefab
  artifactKey: Guid(afbd5d74d89e18547b9f53aeb7e43c23) Importer(815301076,1909f56bfc062723c751e8b465ee728b)
Start importing Assets/Prefabs/Card.prefab using Guid(afbd5d74d89e18547b9f53aeb7e43c23) Importer(815301076,1909f56bfc062723c751e8b465ee728b)  -> (artifact id: 'ec05002339569b78e392fb20d9c074b3') in 0.009331 seconds 
========================================================================
Received Import Request.
  Time since last request: 10.583900 seconds.
  path: Assets/Prefabs/Card.prefab
  artifactKey: Guid(afbd5d74d89e18547b9f53aeb7e43c23) Importer(815301076,1909f56bfc062723c751e8b465ee728b)
Start importing Assets/Prefabs/Card.prefab using Guid(afbd5d74d89e18547b9f53aeb7e43c23) Importer(815301076,1909f56bfc062723c751e8b465ee728b)  -> (artifact id: '920fbcdbed6d06ccc9d9a4c68a73c3f6') in 0.014168 seconds 
========================================================================
Received Import Request.
  Time since last request: 10.658069 seconds.
  path: Assets/Prefabs/Card.prefab
  artifactKey: Guid(afbd5d74d89e18547b9f53aeb7e43c23) Importer(815301076,1909f56bfc062723c751e8b465ee728b)
Start importing Assets/Prefabs/Card.prefab using Guid(afbd5d74d89e18547b9f53aeb7e43c23) Importer(815301076,1909f56bfc062723c751e8b465ee728b)  -> (artifact id: '4ff12c6b521c8c3b1b026914154c8591') in 0.014652 seconds 
========================================================================
Received Import Request.
  Time since last request: 17.069017 seconds.
  path: Assets/Prefabs/Card.prefab
  artifactKey: Guid(afbd5d74d89e18547b9f53aeb7e43c23) Importer(815301076,1909f56bfc062723c751e8b465ee728b)
Start importing Assets/Prefabs/Card.prefab using Guid(afbd5d74d89e18547b9f53aeb7e43c23) Importer(815301076,1909f56bfc062723c751e8b465ee728b)  -> (artifact id: 'e88d10fd03deea956569be329fb51156') in 0.009295 seconds 
========================================================================
Received Import Request.
  Time since last request: 17.940293 seconds.
  path: Assets/Prefabs/Card.prefab
  artifactKey: Guid(afbd5d74d89e18547b9f53aeb7e43c23) Importer(815301076,1909f56bfc062723c751e8b465ee728b)
Start importing Assets/Prefabs/Card.prefab using Guid(afbd5d74d89e18547b9f53aeb7e43c23) Importer(815301076,1909f56bfc062723c751e8b465ee728b)  -> (artifact id: 'c9acc3bf4b5e45b6aad8364271608819') in 0.017175 seconds 
========================================================================
Received Import Request.
  Time since last request: 8.627639 seconds.
  path: Assets/Prefabs/Card.prefab
  artifactKey: Guid(afbd5d74d89e18547b9f53aeb7e43c23) Importer(815301076,1909f56bfc062723c751e8b465ee728b)
Start importing Assets/Prefabs/Card.prefab using Guid(afbd5d74d89e18547b9f53aeb7e43c23) Importer(815301076,1909f56bfc062723c751e8b465ee728b)  -> (artifact id: 'a2ae752f26226adf534c094c75ef8dfa') in 0.010068 seconds 
========================================================================
Received Import Request.
  Time since last request: 203.678643 seconds.
  path: Assets/Prefabs/Deck.prefab
  artifactKey: Guid(2d91d8c00e45a444bb3021e087056b12) Importer(815301076,1909f56bfc062723c751e8b465ee728b)
Start importing Assets/Prefabs/Deck.prefab using Guid(2d91d8c00e45a444bb3021e087056b12) Importer(815301076,1909f56bfc062723c751e8b465ee728b)  -> (artifact id: '0edb7b8560fd0e6deb63b0280c90200d') in 0.009496 seconds 
========================================================================
Received Import Request.
  Time since last request: 9.700095 seconds.
  path: Assets/Prefabs/Deck.prefab
  artifactKey: Guid(2d91d8c00e45a444bb3021e087056b12) Importer(815301076,1909f56bfc062723c751e8b465ee728b)
Start importing Assets/Prefabs/Deck.prefab using Guid(2d91d8c00e45a444bb3021e087056b12) Importer(815301076,1909f56bfc062723c751e8b465ee728b)  -> (artifact id: '4a338ef746e77a3566dc8b228ac72572') in 0.005164 seconds 
========================================================================
Received Import Request.
  Time since last request: 0.936723 seconds.
  path: Assets/Prefabs/Deck.prefab
  artifactKey: Guid(2d91d8c00e45a444bb3021e087056b12) Importer(815301076,1909f56bfc062723c751e8b465ee728b)
Start importing Assets/Prefabs/Deck.prefab using Guid(2d91d8c00e45a444bb3021e087056b12) Importer(815301076,1909f56bfc062723c751e8b465ee728b)  -> (artifact id: 'a89456256491fc4b7ed5df0953789a9e') in 0.005234 seconds 
========================================================================
Received Import Request.
  Time since last request: 119.278897 seconds.
  path: Assets/Prefabs/Card.prefab
  artifactKey: Guid(afbd5d74d89e18547b9f53aeb7e43c23) Importer(815301076,1909f56bfc062723c751e8b465ee728b)
Start importing Assets/Prefabs/Card.prefab using Guid(afbd5d74d89e18547b9f53aeb7e43c23) Importer(815301076,1909f56bfc062723c751e8b465ee728b)  -> (artifact id: 'e4c1d880f5bcc8c98712dbba3347abe6') in 0.020993 seconds 
========================================================================
Received Import Request.
  Time since last request: 3141.445319 seconds.
  path: Assets/Material/Schyte.mat
  artifactKey: Guid(507b26858757112498f4e64baea8b95a) Importer(815301076,1909f56bfc062723c751e8b465ee728b)
Start importing Assets/Material/Schyte.mat using Guid(507b26858757112498f4e64baea8b95a) Importer(815301076,1909f56bfc062723c751e8b465ee728b)  -> (artifact id: '758ca3c9eb6d19c103de71e0fea6b5f6') in 0.025746 seconds 
========================================================================
Received Import Request.
  Time since last request: 277.602686 seconds.
  path: Assets/Material/CardBack.mat
  artifactKey: Guid(8cedbb38dfb9fe3438e0e043feab32cd) Importer(815301076,1909f56bfc062723c751e8b465ee728b)
Start importing Assets/Material/CardBack.mat using Guid(8cedbb38dfb9fe3438e0e043feab32cd) Importer(815301076,1909f56bfc062723c751e8b465ee728b)  -> (artifact id: '3c10293013c112cdd4f695c45db901ca') in 0.022770 seconds 
========================================================================
Received Import Request.
  Time since last request: 5.759735 seconds.
  path: Assets/Material/CardBack 1.mat
  artifactKey: Guid(f1b3110df3f9db943ba0e77087262a47) Importer(815301076,1909f56bfc062723c751e8b465ee728b)
Start importing Assets/Material/CardBack 1.mat using Guid(f1b3110df3f9db943ba0e77087262a47) Importer(815301076,1909f56bfc062723c751e8b465ee728b)  -> (artifact id: 'bf70d8894d7b8a8873b0af17cc8fd780') in 0.018518 seconds 
========================================================================
Received Import Request.
  Time since last request: 6.754772 seconds.
  path: Assets/Material/CardFront.mat
  artifactKey: Guid(f1b3110df3f9db943ba0e77087262a47) Importer(815301076,1909f56bfc062723c751e8b465ee728b)
Start importing Assets/Material/CardFront.mat using Guid(f1b3110df3f9db943ba0e77087262a47) Importer(815301076,1909f56bfc062723c751e8b465ee728b)  -> (artifact id: 'd043875134a3d0b4c8725f607d191a27') in 0.014951 seconds 
========================================================================
Received Import Request.
  Time since last request: 124.485643 seconds.
  path: Assets/Scripts
  artifactKey: Guid(a2118fb5366ea5c4cbec411c95b60eae) Importer(815301076,1909f56bfc062723c751e8b465ee728b)
Start importing Assets/Scripts using Guid(a2118fb5366ea5c4cbec411c95b60eae) Importer(815301076,1909f56bfc062723c751e8b465ee728b)  -> (artifact id: 'b3c7491d6e3174909a6cac6dd6558c1a') in 0.008235 seconds 
========================================================================
Received Import Request.
  Time since last request: 6.844051 seconds.
  path: Assets/Scripts/Card.cs
  artifactKey: Guid(d0d94f83cbe631449bf11cfdd781e831) Importer(815301076,1909f56bfc062723c751e8b465ee728b)
Start importing Assets/Scripts/Card.cs using Guid(d0d94f83cbe631449bf11cfdd781e831) Importer(815301076,1909f56bfc062723c751e8b465ee728b)  -> (artifact id: 'e1d912d8efb7545537ef7f9b014e31c4') in 0.072538 seconds 
========================================================================
Received Prepare
Registering precompiled user dll's ...
Registered in 0.006873 seconds.
Begin MonoManager ReloadAssembly
Symbol file LoadedFromMemory doesn't match image C:\Users\reors\Github\UnityProjects\GJLGameParade\GJLGameParade\GJLGameParade\Library\PackageCache\com.unity.visualscripting@1.7.6\Editor\VisualScripting.Core\Dependencies\YamlDotNet\Unity.VisualScripting.YamlDotNet.dll
Symbol file LoadedFromMemory doesn't match image C:\Users\reors\Github\UnityProjects\GJLGameParade\GJLGameParade\GJLGameParade\Library\PackageCache\com.unity.visualscripting@1.7.6\Editor\VisualScripting.Core\Dependencies\DotNetZip\Unity.VisualScripting.IonicZip.dll
Native extension for WindowsStandalone target not found
Native extension for WebGL target not found
Refreshing native plugins compatible for Editor in 0.64 ms, found 3 plugins.
Preloading 0 native plugins for Editor in 0.00 ms.
Mono: successfully reloaded assembly
- Completed reload, in  0.797 seconds
Domain Reload Profiling:
	ReloadAssembly (798ms)
		BeginReloadAssembly (178ms)
			ExecutionOrderSort (0ms)
			DisableScriptedObjects (7ms)
			BackupInstance (0ms)
			ReleaseScriptingObjects (0ms)
			CreateAndSetChildDomain (62ms)
		EndReloadAssembly (537ms)
			LoadAssemblies (78ms)
			RebuildTransferFunctionScriptingTraits (0ms)
			SetupTypeCache (167ms)
			ReleaseScriptCaches (1ms)
			RebuildScriptCaches (28ms)
			SetupLoadedEditorAssemblies (246ms)
				LogAssemblyErrors (0ms)
				InitializePlatformSupportModulesInManaged (13ms)
				SetLoadedEditorAssemblies (1ms)
				RefreshPlugins (1ms)
				BeforeProcessingInitializeOnLoad (52ms)
				ProcessInitializeOnLoadAttributes (153ms)
				ProcessInitializeOnLoadMethodAttributes (17ms)
				AfterProcessingInitializeOnLoad (9ms)
				EditorAssembliesLoaded (0ms)
			ExecutionOrderSort2 (0ms)
			AwakeInstancesAfterBackupRestoration (5ms)
Platform modules already initialized, skipping
Refreshing native plugins compatible for Editor in 0.59 ms, found 3 plugins.
Preloading 0 native plugins for Editor in 0.00 ms.
Unloading 3093 Unused Serialized files (Serialized files now loaded: 0)
Unloading 18 unused Assets / (24.5 KB). Loaded Objects now: 3602.
Memory consumption went from 113.3 MB to 113.3 MB.
Total: 3.540000 ms (FindLiveObjects: 0.251400 ms CreateObjectMapping: 0.077600 ms MarkObjects: 3.179800 ms  DeleteObjects: 0.029400 ms)

AssetImportParameters requested are different than current active one (requested -> active):
  custom:video-decoder-ogg-theora: a1e56fd34408186e4bbccfd4996cb3dc -> 
  custom:container-muxer-webm: aa71ff27fc2769a1b78a27578f13a17b -> 
  custom:container-demuxer-webm: 4f35f7cbe854078d1ac9338744f61a02 -> 
  custom:video-encoder-webm-vp8: eb34c28f22e8b96e1ab97ce403110664 -> 
  custom:video-codec-MediaFoundation-h265: 746d11721c4dcdbdad8f713fa42b33f4 -> 
  custom:audio-encoder-webm-vorbis: bf7c407c2cedff20999df2af8eb42d56 -> 
  custom:framework-win-MediaFoundation: 216162199b28c13a410421893ffa2e32 -> 
  custom:container-demuxer-ogg: 62fdf1f143b41e24485cea50d1cbac27 -> 
  custom:video-decoder-webm-vp8: 9c59270c3fd7afecdb556c50c9e8de78 -> 
  custom:audio-decoder-ogg-vorbis: bf7c407c2cedff20999df2af8eb42d56 -> 
========================================================================
Received Prepare
Registering precompiled user dll's ...
Registered in 0.007815 seconds.
Begin MonoManager ReloadAssembly
Symbol file LoadedFromMemory doesn't match image C:\Users\reors\Github\UnityProjects\GJLGameParade\GJLGameParade\GJLGameParade\Library\PackageCache\com.unity.visualscripting@1.7.6\Editor\VisualScripting.Core\Dependencies\YamlDotNet\Unity.VisualScripting.YamlDotNet.dll
Symbol file LoadedFromMemory doesn't match image C:\Users\reors\Github\UnityProjects\GJLGameParade\GJLGameParade\GJLGameParade\Library\PackageCache\com.unity.visualscripting@1.7.6\Editor\VisualScripting.Core\Dependencies\DotNetZip\Unity.VisualScripting.IonicZip.dll
Native extension for WindowsStandalone target not found
Native extension for WebGL target not found
Refreshing native plugins compatible for Editor in 0.58 ms, found 3 plugins.
Preloading 0 native plugins for Editor in 0.00 ms.
Mono: successfully reloaded assembly
- Completed reload, in  0.881 seconds
Domain Reload Profiling:
	ReloadAssembly (882ms)
		BeginReloadAssembly (167ms)
			ExecutionOrderSort (0ms)
			DisableScriptedObjects (5ms)
			BackupInstance (0ms)
			ReleaseScriptingObjects (0ms)
			CreateAndSetChildDomain (39ms)
		EndReloadAssembly (604ms)
			LoadAssemblies (105ms)
			RebuildTransferFunctionScriptingTraits (0ms)
			SetupTypeCache (218ms)
			ReleaseScriptCaches (1ms)
			RebuildScriptCaches (33ms)
			SetupLoadedEditorAssemblies (248ms)
				LogAssemblyErrors (0ms)
				InitializePlatformSupportModulesInManaged (13ms)
				SetLoadedEditorAssemblies (0ms)
				RefreshPlugins (1ms)
				BeforeProcessingInitializeOnLoad (55ms)
				ProcessInitializeOnLoadAttributes (154ms)
				ProcessInitializeOnLoadMethodAttributes (17ms)
				AfterProcessingInitializeOnLoad (9ms)
				EditorAssembliesLoaded (0ms)
			ExecutionOrderSort2 (0ms)
			AwakeInstancesAfterBackupRestoration (5ms)
Platform modules already initialized, skipping
Refreshing native plugins compatible for Editor in 0.65 ms, found 3 plugins.
Preloading 0 native plugins for Editor in 0.00 ms.
Unloading 3093 Unused Serialized files (Serialized files now loaded: 0)
Unloading 18 unused Assets / (24.6 KB). Loaded Objects now: 3604.
Memory consumption went from 113.3 MB to 113.3 MB.
Total: 3.583800 ms (FindLiveObjects: 0.512200 ms CreateObjectMapping: 0.145800 ms MarkObjects: 2.905000 ms  DeleteObjects: 0.019200 ms)

AssetImportParameters requested are different than current active one (requested -> active):
  custom:video-decoder-ogg-theora: a1e56fd34408186e4bbccfd4996cb3dc -> 
  custom:container-muxer-webm: aa71ff27fc2769a1b78a27578f13a17b -> 
  custom:container-demuxer-webm: 4f35f7cbe854078d1ac9338744f61a02 -> 
  custom:video-encoder-webm-vp8: eb34c28f22e8b96e1ab97ce403110664 -> 
  custom:video-codec-MediaFoundation-h265: 746d11721c4dcdbdad8f713fa42b33f4 -> 
  custom:audio-encoder-webm-vorbis: bf7c407c2cedff20999df2af8eb42d56 -> 
  custom:framework-win-MediaFoundation: 216162199b28c13a410421893ffa2e32 -> 
  custom:container-demuxer-ogg: 62fdf1f143b41e24485cea50d1cbac27 -> 
  custom:video-decoder-webm-vp8: 9c59270c3fd7afecdb556c50c9e8de78 -> 
  custom:audio-decoder-ogg-vorbis: bf7c407c2cedff20999df2af8eb42d56 -> 
========================================================================
Received Import Request.
  Time since last request: 1626.348223 seconds.
  path: Assets/Readme.asset
  artifactKey: Guid(8105016687592461f977c054a80ce2f2) Importer(2089858483,934ff659095e30574adcf32a4c2f97b5)
Start importing Assets/Readme.asset using Guid(8105016687592461f977c054a80ce2f2) Importer(2089858483,934ff659095e30574adcf32a4c2f97b5) Generated GUIDs only implemented for interfaces!
 -> (artifact id: '494bdebfd0fd39232907412e76d17350') in 0.073678 seconds 
========================================================================
Received Import Request.
  Time since last request: 0.000037 seconds.
  path: Assets/Scenes/SampleScene.unity
  artifactKey: Guid(99c9720ab356a0642a771bea13969a05) Importer(2089858483,934ff659095e30574adcf32a4c2f97b5)
Start importing Assets/Scenes/SampleScene.unity using Guid(99c9720ab356a0642a771bea13969a05) Importer(2089858483,934ff659095e30574adcf32a4c2f97b5) Generated GUIDs only implemented for interfaces!
 -> (artifact id: '43279d9b5a92a4b72b248401f357bd19') in 0.013137 seconds 
========================================================================
Received Import Request.
  Time since last request: 0.000036 seconds.
  path: Assets/TutorialInfo/Icons/URP.png
  artifactKey: Guid(727a75301c3d24613a3ebcec4a24c2c8) Importer(2089858483,934ff659095e30574adcf32a4c2f97b5)
Start importing Assets/TutorialInfo/Icons/URP.png using Guid(727a75301c3d24613a3ebcec4a24c2c8) Importer(2089858483,934ff659095e30574adcf32a4c2f97b5) Generated GUIDs only implemented for interfaces!
 -> (artifact id: 'e9f702cf4f519717211f71717b3b580e') in 0.058413 seconds 
========================================================================
Received Import Request.
  Time since last request: 0.000041 seconds.
  path: Assets/Settings/URP-Balanced.asset
  artifactKey: Guid(e1260c1148f6143b28bae5ace5e9c5d1) Importer(2089858483,934ff659095e30574adcf32a4c2f97b5)
Start importing Assets/Settings/URP-Balanced.asset using Guid(e1260c1148f6143b28bae5ace5e9c5d1) Importer(2089858483,934ff659095e30574adcf32a4c2f97b5) Generated GUIDs only implemented for interfaces!
 -> (artifact id: 'a0fc78c24ac30417c2f8b5353c19623d') in 0.011962 seconds 
========================================================================
Received Import Request.
  Time since last request: 0.000026 seconds.
  path: Assets/Settings/URP-Performant.asset
  artifactKey: Guid(d0e2fc18fe036412f8223b3b3d9ad574) Importer(2089858483,934ff659095e30574adcf32a4c2f97b5)
Start importing Assets/Settings/URP-Performant.asset using Guid(d0e2fc18fe036412f8223b3b3d9ad574) Importer(2089858483,934ff659095e30574adcf32a4c2f97b5) Generated GUIDs only implemented for interfaces!
 -> (artifact id: '12114f0ccfafb156e6e044839ca30675') in 0.010152 seconds 
========================================================================
Received Import Request.
  Time since last request: 0.000033 seconds.
  path: Assets/Settings/URP-Balanced-Renderer.asset
  artifactKey: Guid(e634585d5c4544dd297acaee93dc2beb) Importer(2089858483,934ff659095e30574adcf32a4c2f97b5)
Start importing Assets/Settings/URP-Balanced-Renderer.asset using Guid(e634585d5c4544dd297acaee93dc2beb) Importer(2089858483,934ff659095e30574adcf32a4c2f97b5) Generated GUIDs only implemented for interfaces!
 -> (artifact id: 'fc075c52e6d35dd4b672c734813d411e') in 0.011428 seconds 
========================================================================
Received Import Request.
  Time since last request: 0.000025 seconds.
  path: Assets/Settings/URP-Performant-Renderer.asset
  artifactKey: Guid(707360a9c581a4bd7aa53bfeb1429f71) Importer(2089858483,934ff659095e30574adcf32a4c2f97b5)
Start importing Assets/Settings/URP-Performant-Renderer.asset using Guid(707360a9c581a4bd7aa53bfeb1429f71) Importer(2089858483,934ff659095e30574adcf32a4c2f97b5) Generated GUIDs only implemented for interfaces!
 -> (artifact id: '8705cb62001bddb1326d7538df698bc4') in 0.010443 seconds 
========================================================================
Received Import Request.
  Time since last request: 0.000025 seconds.
  path: Assets/TutorialInfo/Scripts/Editor/ReadmeEditor.cs
  artifactKey: Guid(476cc7d7cd9874016adc216baab94a0a) Importer(2089858483,934ff659095e30574adcf32a4c2f97b5)
Start importing Assets/TutorialInfo/Scripts/Editor/ReadmeEditor.cs using Guid(476cc7d7cd9874016adc216baab94a0a) Importer(2089858483,934ff659095e30574adcf32a4c2f97b5) Generated GUIDs only implemented for interfaces!
 -> (artifact id: '3134e37ecf3734714437e50a9866e11d') in 0.010403 seconds 
========================================================================
Received Import Request.
  Time since last request: 0.000026 seconds.
  path: Assets/Prefabs/Deck.prefab
  artifactKey: Guid(2d91d8c00e45a444bb3021e087056b12) Importer(2089858483,934ff659095e30574adcf32a4c2f97b5)
Start importing Assets/Prefabs/Deck.prefab using Guid(2d91d8c00e45a444bb3021e087056b12) Importer(2089858483,934ff659095e30574adcf32a4c2f97b5) Generated GUIDs only implemented for interfaces!
 -> (artifact id: '4a53e82eb3791666227ea0131f23adc9') in 0.012392 seconds 
========================================================================
Received Import Request.
  Time since last request: 0.000026 seconds.
  path: Assets/Settings/SampleSceneProfile.asset
  artifactKey: Guid(a6560a915ef98420e9faacc1c7438823) Importer(2089858483,934ff659095e30574adcf32a4c2f97b5)
Start importing Assets/Settings/SampleSceneProfile.asset using Guid(a6560a915ef98420e9faacc1c7438823) Importer(2089858483,934ff659095e30574adcf32a4c2f97b5) Generated GUIDs only implemented for interfaces!
 -> (artifact id: 'e38d5fa188e7ccc8f4d3df4cb65e077e') in 0.011379 seconds 
Editor requested this worker to shutdown with reason: Scaling down because of idle timeout
AssetImportWorker is now disconnected from the server
Process exiting
Exiting without the bug reporter. Application will terminate with return code 0